app/build/intermediates/manifest_merge_blame_file/debug/processDebugMainManifest/manifest-merger-blame-debug-report.txt
1<?xml version="1.0" encoding="utf-8"?>
2<manifest xmlns:android="http://schemas.android.com/apk/res/android"
3    package="com.example.prueba"
4    android:versionCode="1"
5    android:versionName="1.0" >
6
7    <uses-sdk
7-->INJECTED
8        android:minSdkVersion="27"
8-->INJECTED
9        android:targetSdkVersion="36" />
9-->INJECTED
10
11    <uses-permission android:name="android.permission.INTERNET" />
11-->src\main\AndroidManifest.xml:5:5-67
11-->src\main\AndroidManifest.xml:5:22-64
12
13    <permission
13-->[androidx.core:core:1.18.0] AndroidManifest.xml:22:5-24:47
14        android:name="com.example.prueba.DYNAMIC_RECEIVER_NOT_EXPORTED_PERMISSION"
14-->[androidx.core:core:1.18.0] AndroidManifest.xml:23:9-81
15        android:protectionLevel="signature" />
15-->[androidx.core:core:1.18.0] AndroidManifest.xml:24:9-44
16
17    <uses-permission android:name="com.example.prueba.DYNAMIC_RECEIVER_NOT_EXPORTED_PERMISSION" />
17-->[androidx.core:core:1.18.0] AndroidManifest.xml:26:5-97
17-->[androidx.core:core:1.18.0] AndroidManifest.xml:26:22-94
18    <uses-permission android:name="android.permission.ACCESS_NETWORK_STATE" />
18-->[com.pierfrancescosoffritti.androidyoutubeplayer:core:12.1.0] AndroidManifest.xml:8:5-79
18-->[com.pierfrancescosoffritti.androidyoutubeplayer:core:12.1.0] AndroidManifest.xml:8:22-76
19
20    <application
20-->src\main\AndroidManifest.xml:7:5-82:19
21        android:allowBackup="true"
21-->src\main\AndroidManifest.xml:8:9-35
22        android:appComponentFactory="androidx.core.app.CoreComponentFactory"
22-->[androidx.core:core:1.18.0] AndroidManifest.xml:28:18-86
23        android:dataExtractionRules="@xml/data_extraction_rules"
23-->src\main\AndroidManifest.xml:9:9-65
24        android:debuggable="true"
25        android:extractNativeLibs="false"
25-->INJECTED
26        android:fullBackupContent="@xml/backup_rules"
26-->src\main\AndroidManifest.xml:10:9-54
27        android:icon="@mipmap/ic_launcher"
27-->src\main\AndroidManifest.xml:11:9-43
28        android:label=""
28-->src\main\AndroidManifest.xml:12:9-25
29        android:roundIcon="@mipmap/ic_launcher_round"
29-->src\main\AndroidManifest.xml:13:9-54
30        android:supportsRtl="true"
30-->src\main\AndroidManifest.xml:14:9-35
31        android:testOnly="true"
32        android:theme="@style/Theme.Prueba" >
32-->src\main\AndroidManifest.xml:15:9-44
33
34        <!-- Actividad Principal -->
35        <activity
35-->src\main\AndroidManifest.xml:18:9-21:75
36            android:name="com.example.prueba.MenuHamburguesaAdmin"
36-->src\main\AndroidManifest.xml:19:13-49
37            android:exported="false"
37-->src\main\AndroidManifest.xml:20:13-37
38            android:theme="@style/Theme.Material3.DayNight.NoActionBar" />
38-->src\main\AndroidManifest.xml:21:13-72
39        <activity
39-->src\main\AndroidManifest.xml:22:9-24:36
40            android:name="com.example.prueba.nuevaContra"
40-->src\main\AndroidManifest.xml:23:9-36
41            android:exported="false" />
41-->src\main\AndroidManifest.xml:24:9-33
42        <activity
42-->src\main\AndroidManifest.xml:26:9-28:40
43            android:name="com.example.prueba.RecuperarContra"
43-->src\main\AndroidManifest.xml:27:13-44
44            android:exported="false" />
44-->src\main\AndroidManifest.xml:28:13-37
45        <!-- Productos -->
46        <activity
46-->src\main\AndroidManifest.xml:30:9-32:40
47            android:name="com.example.prueba.AgregarProductoActivity"
47-->src\main\AndroidManifest.xml:31:13-52
48            android:exported="false" />
48-->src\main\AndroidManifest.xml:32:13-37
49        <activity
49-->src\main\AndroidManifest.xml:34:9-36:40
50            android:name="com.example.prueba.EditarProductoActivity"
50-->src\main\AndroidManifest.xml:35:13-51
51            android:exported="false" />
51-->src\main\AndroidManifest.xml:36:13-37
52        <activity
52-->src\main\AndroidManifest.xml:38:9-40:40
53            android:name="com.example.prueba.ProductosActivity"
53-->src\main\AndroidManifest.xml:39:13-46
54            android:exported="false" />
54-->src\main\AndroidManifest.xml:40:13-37
55
56        <!-- Inventario -->
57        <activity
57-->src\main\AndroidManifest.xml:43:9-45:40
58            android:name="com.example.prueba.InventarioActivity"
58-->src\main\AndroidManifest.xml:44:13-47
59            android:exported="false" />
59-->src\main\AndroidManifest.xml:45:13-37
60        <activity
60-->src\main\AndroidManifest.xml:47:9-49:40
61            android:name="com.example.prueba.MovimientoActivity"
61-->src\main\AndroidManifest.xml:48:13-47
62            android:exported="false" />
62-->src\main\AndroidManifest.xml:49:13-37
63
64        <!-- Usuarios -->
65        <activity
65-->src\main\AndroidManifest.xml:52:9-54:40
66            android:name="com.example.prueba.UsuariosActivity"
66-->src\main\AndroidManifest.xml:53:13-45
67            android:exported="false" />
67-->src\main\AndroidManifest.xml:54:13-37
68        <activity
68-->src\main\AndroidManifest.xml:55:9-57:40
69            android:name="com.example.prueba.CrearUsuarioActivity"
69-->src\main\AndroidManifest.xml:56:13-49
70            android:exported="false" />
70-->src\main\AndroidManifest.xml:57:13-37
71
72        <!-- Principal -->
73        <activity
73-->src\main\AndroidManifest.xml:60:9-63:75
74            android:name="com.example.prueba.MenuHamburguesaOperario"
74-->src\main\AndroidManifest.xml:61:13-52
75            android:exported="false"
75-->src\main\AndroidManifest.xml:62:13-37
76            android:theme="@style/Theme.Material3.DayNight.NoActionBar" />
76-->src\main\AndroidManifest.xml:63:13-72
77        <activity
77-->src\main\AndroidManifest.xml:64:9-75:20
78            android:name="com.example.prueba.Login"
78-->src\main\AndroidManifest.xml:65:13-34
79            android:exported="true" >
79-->src\main\AndroidManifest.xml:66:13-36
80            <intent-filter>
80-->src\main\AndroidManifest.xml:70:13-73:29
81                <action android:name="android.intent.action.MAIN" />
81-->src\main\AndroidManifest.xml:71:17-69
81-->src\main\AndroidManifest.xml:71:25-66
82
83                <category android:name="android.intent.category.LAUNCHER" />
83-->src\main\AndroidManifest.xml:72:17-77
83-->src\main\AndroidManifest.xml:72:27-74
84            </intent-filter>
85        </activity>
86
87        <!-- Tus Actividades del Módulo -->
88        <activity android:name="com.example.prueba.ProveedoresActivity" />
88-->src\main\AndroidManifest.xml:78:9-57
88-->src\main\AndroidManifest.xml:78:19-54
89        <activity android:name="com.example.prueba.AlmacenActivity" />
89-->src\main\AndroidManifest.xml:79:9-53
89-->src\main\AndroidManifest.xml:79:19-50
90
91        <provider
91-->[androidx.emoji2:emoji2:1.3.0] AndroidManifest.xml:24:9-32:20
92            android:name="androidx.startup.InitializationProvider"
92-->[androidx.emoji2:emoji2:1.3.0] AndroidManifest.xml:25:13-67
93            android:authorities="com.example.prueba.androidx-startup"
93-->[androidx.emoji2:emoji2:1.3.0] AndroidManifest.xml:26:13-68
94            android:exported="false" >
94-->[androidx.emoji2:emoji2:1.3.0] AndroidManifest.xml:27:13-37
95            <meta-data
95-->[androidx.emoji2:emoji2:1.3.0] AndroidManifest.xml:29:13-31:52
96                android:name="androidx.emoji2.text.EmojiCompatInitializer"
96-->[androidx.emoji2:emoji2:1.3.0] AndroidManifest.xml:30:17-75
97                android:value="androidx.startup" />
97-->[androidx.emoji2:emoji2:1.3.0] AndroidManifest.xml:31:17-49
98            <meta-data
98-->[androidx.lifecycle:lifecycle-process:2.6.2] AndroidManifest.xml:29:13-31:52
99                android:name="androidx.lifecycle.ProcessLifecycleInitializer"
99-->[androidx.lifecycle:lifecycle-process:2.6.2] AndroidManifest.xml:30:17-78
100                android:value="androidx.startup" />
100-->[androidx.lifecycle:lifecycle-process:2.6.2] AndroidManifest.xml:31:17-49
101            <meta-data
101-->[androidx.profileinstaller:profileinstaller:1.4.0] AndroidManifest.xml:29:13-31:52
102                android:name="androidx.profileinstaller.ProfileInstallerInitializer"
102-->[androidx.profileinstaller:profileinstaller:1.4.0] AndroidManifest.xml:30:17-85
103                android:value="androidx.startup" />
103-->[androidx.profileinstaller:profileinstaller:1.4.0] AndroidManifest.xml:31:17-49
104        </provider>
105
106        <receiver
106-->[androidx.profileinstaller:profileinstaller:1.4.0] AndroidManifest.xml:34:9-52:20
107            android:name="androidx.profileinstaller.ProfileInstallReceiver"
107-->[androidx.profileinstaller:profileinstaller:1.4.0] AndroidManifest.xml:35:13-76
108            android:directBootAware="false"
108-->[androidx.profileinstaller:profileinstaller:1.4.0] AndroidManifest.xml:36:13-44
109            android:enabled="true"
109-->[androidx.profileinstaller:profileinstaller:1.4.0] AndroidManifest.xml:37:13-35
110            android:exported="true"
110-->[androidx.profileinstaller:profileinstaller:1.4.0] AndroidManifest.xml:38:13-36
111            android:permission="android.permission.DUMP" >
111-->[androidx.profileinstaller:profileinstaller:1.4.0] AndroidManifest.xml:39:13-57
112            <intent-filter>
112-->[androidx.profileinstaller:profileinstaller:1.4.0] AndroidManifest.xml:40:13-42:29
113                <action android:name="androidx.profileinstaller.action.INSTALL_PROFILE" />
113-->[androidx.profileinstaller:profileinstaller:1.4.0] AndroidManifest.xml:41:17-91
113-->[androidx.profileinstaller:profileinstaller:1.4.0] AndroidManifest.xml:41:25-88
114            </intent-filter>
115            <intent-filter>
115-->[androidx.profileinstaller:profileinstaller:1.4.0] AndroidManifest.xml:43:13-45:29
116                <action android:name="androidx.profileinstaller.action.SKIP_FILE" />
116-->[androidx.profileinstaller:profileinstaller:1.4.0] AndroidManifest.xml:44:17-85
116-->[androidx.profileinstaller:profileinstaller:1.4.0] AndroidManifest.xml:44:25-82
117            </intent-filter>
118            <intent-filter>
118-->[androidx.profileinstaller:profileinstaller:1.4.0] AndroidManifest.xml:46:13-48:29
119                <action android:name="androidx.profileinstaller.action.SAVE_PROFILE" />
119-->[androidx.profileinstaller:profileinstaller:1.4.0] AndroidManifest.xml:47:17-88
119-->[androidx.profileinstaller:profileinstaller:1.4.0] AndroidManifest.xml:47:25-85
120            </intent-filter>
121            <intent-filter>
121-->[androidx.profileinstaller:profileinstaller:1.4.0] AndroidManifest.xml:49:13-51:29
122                <action android:name="androidx.profileinstaller.action.BENCHMARK_OPERATION" />
122-->[androidx.profileinstaller:profileinstaller:1.4.0] AndroidManifest.xml:50:17-95
122-->[androidx.profileinstaller:profileinstaller:1.4.0] AndroidManifest.xml:50:25-92
123            </intent-filter>
124        </receiver>
125    </application>
126
127</manifest>